# JRE version: OpenJDK Runtime Environment (19.0.2+7) (build 19.0.2+7-44)
# Java VM: OpenJDK 64-Bit Server VM (19.0.2+7-44, mixed mode, sharing, tiered, compressed oops, compressed class ptrs, g1 gc, windows-amd64)
GC Precious Log:
 CardTable entry size: 512
 Card Set container configuration: InlinePtr #cards 5 size 8 Array Of Cards #cards 12 size 40 Howl #buckets 4 coarsen threshold 1843 Howl Bitmap #cards 512 size 80 coarsen threshold 460 Card regions per heap region 1 cards per card region 2048
 CPUs: 12 total, 12 available
 Memory: 5996M
 Large Page Support: Disabled
 NUMA Support: Disabled
 Compressed Oops: Enabled (32-bit)
 Heap Region Size: 1M
 Heap Min Capacity: 8M
 Heap Initial Capacity: 94M
 Heap Max Capacity: 1500M
 Pre-touch: Disabled
 Parallel Workers: 10
 Concurrent Workers: 3
 Concurrent Refinement Workers: 10
 Periodic GC: Disabled
Heap:
 garbage-first heap   total 134144K, used 36174K [0x00000000a2400000, 0x0000000100000000)
  region size 1024K, 7 young (7168K), 1 survivors (1024K)
 Metaspace       used 41908K, committed 42432K, reserved 1114112K
  class space    used 5252K, committed 5504K, reserved 1048576K
GC Heap History (20 events):
Event: 0.987 GC heap before
{Heap before GC invocations=1 (full 0):
 garbage-first heap   total 96256K, used 35056K [0x00000000a2400000, 0x0000000100000000)
  region size 1024K, 24 young (24576K), 3 survivors (3072K)
 Metaspace       used 9735K, committed 10048K, reserved 1114112K
  class space    used 1096K, committed 1216K, reserved 1048576K
}
Event: 0.995 GC heap after
{Heap after GC invocations=2 (full 0):
 garbage-first heap   total 96256K, used 16976K [0x00000000a2400000, 0x0000000100000000)
  region size 1024K, 3 young (3072K), 3 survivors (3072K)
 Metaspace       used 9735K, committed 10048K, reserved 1114112K
  class space    used 1096K, committed 1216K, reserved 1048576K
}
Event: 1.377 GC heap before
{Heap before GC invocations=2 (full 0):
 garbage-first heap   total 96256K, used 45648K [0x00000000a2400000, 0x0000000100000000)
  region size 1024K, 32 young (32768K), 3 survivors (3072K)
 Metaspace       used 17174K, committed 17472K, reserved 1114112K
  class space    used 2003K, committed 2112K, reserved 1048576K
}
Event: 1.382 GC heap after
{Heap after GC invocations=3 (full 0):
 garbage-first heap   total 96256K, used 19533K [0x00000000a2400000, 0x0000000100000000)
  region size 1024K, 3 young (3072K), 3 survivors (3072K)
 Metaspace       used 17174K, committed 17472K, reserved 1114112K
  class space    used 2003K, committed 2112K, reserved 1048576K
}
Event: 1.656 GC heap before
{Heap before GC invocations=3 (full 0):
 garbage-first heap   total 96256K, used 41037K [0x00000000a2400000, 0x0000000100000000)
  region size 1024K, 25 young (25600K), 3 survivors (3072K)
 Metaspace       used 21251K, committed 21504K, reserved 1114112K
  class space    used 2460K, committed 2560K, reserved 1048576K
}
Event: 1.661 GC heap after
{Heap after GC invocations=4 (full 0):
 garbage-first heap   total 96256K, used 22035K [0x00000000a2400000, 0x0000000100000000)
  region size 1024K, 5 young (5120K), 5 survivors (5120K)
 Metaspace       used 21251K, committed 21504K, reserved 1114112K
  class space    used 2460K, committed 2560K, reserved 1048576K
}
Event: 2.200 GC heap before
{Heap before GC invocations=5 (full 0):
 garbage-first heap   total 68608K, used 54803K [0x00000000a2400000, 0x0000000100000000)
  region size 1024K, 40 young (40960K), 5 survivors (5120K)
 Metaspace       used 24408K, committed 24768K, reserved 1114112K
  class space    used 2860K, committed 3008K, reserved 1048576K
}
Event: 2.212 GC heap after
{Heap after GC invocations=6 (full 0):
 garbage-first heap   total 82944K, used 20897K [0x00000000a2400000, 0x0000000100000000)
  region size 1024K, 3 young (3072K), 3 survivors (3072K)
 Metaspace       used 24408K, committed 24768K, reserved 1114112K
  class space    used 2860K, committed 3008K, reserved 1048576K
}
Event: 2.231 GC heap before
{Heap before GC invocations=6 (full 0):
 garbage-first heap   total 82944K, used 21921K [0x00000000a2400000, 0x0000000100000000)
  region size 1024K, 4 young (4096K), 3 survivors (3072K)
 Metaspace       used 24540K, committed 24896K, reserved 1114112K
  class space    used 2876K, committed 3008K, reserved 1048576K
}
Event: 2.234 GC heap after
{Heap after GC invocations=7 (full 0):
 garbage-first heap   total 82944K, used 20587K [0x00000000a2400000, 0x0000000100000000)
  region size 1024K, 1 young (1024K), 1 survivors (1024K)
 Metaspace       used 24540K, committed 24896K, reserved 1114112K
  class space    used 2876K, committed 3008K, reserved 1048576K
}
Event: 2.871 GC heap before
{Heap before GC invocations=7 (full 0):
 garbage-first heap   total 82944K, used 55403K [0x00000000a2400000, 0x0000000100000000)
  region size 1024K, 35 young (35840K), 1 survivors (1024K)
 Metaspace       used 31009K, committed 31488K, reserved 1114112K
  class space    used 3726K, committed 3968K, reserved 1048576K
}
Event: 2.877 GC heap after
{Heap after GC invocations=8 (full 0):
 garbage-first heap   total 82944K, used 23097K [0x00000000a2400000, 0x0000000100000000)
  region size 1024K, 4 young (4096K), 4 survivors (4096K)
 Metaspace       used 31009K, committed 31488K, reserved 1114112K
  class space    used 3726K, committed 3968K, reserved 1048576K
}
Event: 3.309 GC heap before
{Heap before GC invocations=8 (full 0):
 garbage-first heap   total 82944K, used 57913K [0x00000000a2400000, 0x0000000100000000)
  region size 1024K, 38 young (38912K), 4 survivors (4096K)
 Metaspace       used 34735K, committed 35328K, reserved 1114112K
  class space    used 4230K, committed 4480K, reserved 1048576K
}
Event: 3.315 GC heap after
{Heap after GC invocations=9 (full 0):
 garbage-first heap   total 82944K, used 25009K [0x00000000a2400000, 0x0000000100000000)
  region size 1024K, 2 young (2048K), 2 survivors (2048K)
 Metaspace       used 34735K, committed 35328K, reserved 1114112K
  class space    used 4230K, committed 4480K, reserved 1048576K
}
Event: 3.370 GC heap before
{Heap before GC invocations=9 (full 0):
 garbage-first heap   total 82944K, used 28081K [0x00000000a2400000, 0x0000000100000000)
  region size 1024K, 6 young (6144K), 2 survivors (2048K)
 Metaspace       used 35395K, committed 35968K, reserved 1114112K
  class space    used 4327K, committed 4608K, reserved 1048576K
}
Event: 3.373 GC heap after
{Heap after GC invocations=10 (full 0):
 garbage-first heap   total 82944K, used 25222K [0x00000000a2400000, 0x0000000100000000)
  region size 1024K, 3 young (3072K), 3 survivors (3072K)
 Metaspace       used 35395K, committed 35968K, reserved 1114112K
  class space    used 4327K, committed 4608K, reserved 1048576K
}
Event: 3.794 GC heap before
{Heap before GC invocations=11 (full 0):
 garbage-first heap   total 82944K, used 60038K [0x00000000a2400000, 0x0000000100000000)
  region size 1024K, 38 young (38912K), 3 survivors (3072K)
 Metaspace       used 40176K, committed 40704K, reserved 1114112K
  class space    used 5010K, committed 5248K, reserved 1048576K
}
Event: 3.802 GC heap after
{Heap after GC invocations=12 (full 0):
 garbage-first heap   total 82944K, used 30344K [0x00000000a2400000, 0x0000000100000000)
  region size 1024K, 5 young (5120K), 5 survivors (5120K)
 Metaspace       used 40176K, committed 40704K, reserved 1114112K
  class space    used 5010K, committed 5248K, reserved 1048576K
}
Event: 3.833 GC heap before
{Heap before GC invocations=12 (full 0):
 garbage-first heap   total 82944K, used 31368K [0x00000000a2400000, 0x0000000100000000)
  region size 1024K, 6 young (6144K), 5 survivors (5120K)
 Metaspace       used 40799K, committed 41408K, reserved 1114112K
  class space    used 5076K, committed 5376K, reserved 1048576K
}
Event: 3.838 GC heap after
{Heap after GC invocations=13 (full 0):
 garbage-first heap   total 134144K, used 31054K [0x00000000a2400000, 0x0000000100000000)
  region size 1024K, 1 young (1024K), 1 survivors (1024K)
 Metaspace       used 40799K, committed 41408K, reserved 1114112K
  class space    used 5076K, committed 5376K, reserved 1048576K
}

